# ** Batch optimization parameters **
# Index of the varying constant : 13
# Starting value of this constant : 0.0005
# Ending value of this constant : 0.005
# Number of steps in this interval (number of optimizations) : 25

# ** Optimization results **
#  n   | constant value  |  final objective  |  constraint viol. |  nb iter. | status |
1        0.0005             250.902             0.00433921          226        2        
2        0.0006875          78.7359             0.00404108          5000       -1       
3        0.000875           131.585             0.00890833          5000       -1       
4        0.0010625          174.409             0.00433923          5000       -1       
5        0.00125            327.979             6.92375e-05         69         2        
6        0.0014375          218.19              0.00089074          5000       -1       
7        0.001625           202.619             0.0043392           3239       2        
8        0.0018125          210.552             0.0126035           5000       -1       
9        0.002              117.115             0.00326491          5000       -1       
10       0.0021875          145.884             0.000888158         5000       -1       
11       0.002375           172.088             0.0113222           5000       -1       
12       0.0025625          159.114             0.00889349          5000       -1       
13       0.00275            107.39              0.000783968         5000       -1       
14       0.0029375          148.648             8.29726e-11         259        0        
15       0.003125           64.7482             0.00433916          162        2        
16       0.0033125          115.457             2.19269e-13         73         0        
17       0.0035             50.0009             0.00433914          204        2        
18       0.0036875          100.525             2.8938e-13          59         0        
19       0.003875           105.62              1.88923e-11         772        0        
20       0.0040625          89.5227             1.42109e-14         40         0        
21       0.00425            60.6111             0.00427023          5000       -1       
22       0.0044375          57.5038             0.00426415          5000       -1       
23       0.004625           77.7627             2.80956e-12         36         0        
24       0.0048125          74.7281             1.42109e-14         51         0        
25       0.005              72.0284             1.42109e-14         33         0        

# Successful optimizations : 8/25
