# ** Batch optimization parameters **
# Index of the varying constant : 13
# Starting value of this constant : 0.0005
# Ending value of this constant : 0.001
# Number of steps in this interval (number of optimizations) : 20

# ** Optimization results **
#  n   | constant value  |  final objective  |  constraint viol. |  nb iter. | status |
1        0.0005             2.2015              7.70332e-16         1111       6        
2        0.000526316        2.15443             6.26324e-12         165        6        
3        0.000552632        2.10857             1e-08               110        1        
4        0.000578947        2.06504             1e-08               135        1        
5        0.000605263        2.0233              1e-08               89         1        
6        0.000631579        2.64914             3.20476e-11         145        6        
7        0.000657895        1.94538             1.27094e-11         55         6        
8        0.000684211        1.90774             1e-08               127        1        
9        0.000710526        3.25272             2.25228e-11         56         6        
10       0.000736842        1.83779             1e-08               94         1        
11       0.000763158        1.80469             1e-08               66         1        
12       0.000789474        1.77276             1e-08               79         1        
13       0.000815789        1.74201             2.45026e-11         96         6        
14       0.000842105        1.71216             6.68206e-11         139        6        
15       0.000868421        1.68326             1e-08               98         1        
16       0.000894737        1.65557             2.43113e-11         125        6        
17       0.000921053        3.03928             1.19079e-11         159        0        
18       0.000947368        2.78782             5.91827e-11         302        0        
19       0.000973684        1.58658             1.07448e-11         168        6        
20       0.001              1.5521              1e-08               62         1        

# Successful optimizations : 11/20
