# ** Batch optimization parameters **
# Index of the varying constant : 13
# Starting value of this constant : 0.0005
# Ending value of this constant : 0.001
# Number of steps in this interval (number of optimizations) : 20

# ** Optimization results **
#  n   | constant value  |  final objective  |  constraint viol. |  nb iter. | status |
1        0.0005             1.80313             1e-08               127        1        
2        0.000526316        1.76397             1e-08               100        1        
3        0.000552632        1.72634             1e-08               94         1        
4        0.000578947        1.69071             8.19589e-11         74         6        
5        0.000605263        1.65544             1e-08               109        1        
6        0.000631579        1.62203             1e-08               100        1        
7        0.000657895        1.58991             1e-08               88         1        
8        0.000684211        1.55901             1e-08               81         1        
9        0.000710526        2.13299             9.88693e-11         90         6        
10       0.000736842        2.73758             5.71872e-11         108        6        
11       0.000763158        1.47318             1e-08               92         1        
12       0.000789474        1.44669             1e-08               126        1        
13       0.000815789        1.42117             1e-08               201        1        
14       0.000842105        1.99066             7.8029e-11          58         6        
15       0.000868421        1.37288             1e-08               190        1        
16       0.000894737        1.35001             1e-08               104        1        
17       0.000921053        1.32794             1e-08               136        1        
18       0.000947368        1.30662             1e-08               72         1        
19       0.000973684        2.31658             5.10956e-11         77         6        
20       0.001              1.26607             1e-08               70         1        

# Successful optimizations : 15/20
